D:\FILES\GIT\MFCBASE\BASEVERSION\DEBUG\BASEVERSION.EXE.EMBED.MANIFEST
D:\FILES\GIT\MFCBASE\BASEVERSION\DEBUG\BASEVERSION.EXE.EMBED.MANIFEST.RES
D:\FILES\GIT\MFCBASE\BASEVERSION\DEBUG\BASEVERSION.EXE.INTERMEDIATE.MANIFEST
D:\FILES\GIT\MFCBASE\BASEVERSION\DEBUG\BASEVERSION.OBJ
D:\FILES\GIT\MFCBASE\BASEVERSION\DEBUG\BASEVERSION.PCH
D:\FILES\GIT\MFCBASE\BASEVERSION\DEBUG\BASEVERSION.RES
D:\Files\git\MFCBase\BaseVersion\Debug\BaseVersion.write.1.tlog
D:\Files\git\MFCBase\BaseVersion\Debug\BaseVersion_manifest.rc
D:\FILES\GIT\MFCBASE\BASEVERSION\DEBUG\BASEVERSIONDLG.OBJ
D:\Files\git\MFCBase\BaseVersion\Debug\cl.command.1.tlog
D:\Files\git\MFCBase\BaseVersion\Debug\CL.read.1.tlog
D:\Files\git\MFCBase\BaseVersion\Debug\CL.write.1.tlog
D:\FILES\GIT\MFCBASE\BASEVERSION\DEBUG\CVVIMAGE.OBJ
D:\FILES\GIT\MFCBASE\BASEVERSION\DEBUG\EXAMPLE.OBJ
D:\FILES\GIT\MFCBASE\BASEVERSION\DEBUG\FORMATCHANGE.OBJ
D:\Files\git\MFCBase\BaseVersion\Debug\link.command.1.tlog
D:\Files\git\MFCBase\BaseVersion\Debug\link.read.1.tlog
D:\Files\git\MFCBase\BaseVersion\Debug\link.write.1.tlog
D:\Files\git\MFCBase\BaseVersion\Debug\link-cvtres.read.1.tlog
D:\Files\git\MFCBase\BaseVersion\Debug\link-cvtres.write.1.tlog
D:\Files\git\MFCBase\BaseVersion\Debug\mt.command.1.tlog
D:\Files\git\MFCBase\BaseVersion\Debug\mt.read.1.tlog
D:\Files\git\MFCBase\BaseVersion\Debug\mt.write.1.tlog
D:\Files\git\MFCBase\BaseVersion\Debug\rc.command.1.tlog
D:\Files\git\MFCBase\BaseVersion\Debug\rc.read.1.tlog
D:\Files\git\MFCBase\BaseVersion\Debug\rc.write.1.tlog
D:\FILES\GIT\MFCBASE\BASEVERSION\DEBUG\STDAFX.OBJ
D:\Files\git\MFCBase\BaseVersion\Debug\vc100.idb
D:\FILES\GIT\MFCBASE\BASEVERSION\DEBUG\VC100.PDB
D:\FILES\GIT\MFCBASE\DEBUG\BASEVERSION.EXE
D:\FILES\GIT\MFCBASE\DEBUG\BASEVERSION.ILK
D:\FILES\GIT\MFCBASE\DEBUG\BASEVERSION.PDB
