Build started 2017/9/23 12:29:45.
     1>Project "F:\project\BaseVersion\BaseVersion_20170923\BaseVersion\BaseVersion.vcxproj" on node 2 (build target(s)).
     1>InitializeBuildStatus:
         Creating "Debug\BaseVersion.unsuccessfulbuild" because "AlwaysCreate" was specified.
       ClCompile:
         C:\Program Files (x86)\Microsoft Visual Studio 10.0\VC\bin\CL.exe /c /ZI /nologo /W3 /WX- /Od /Oy- /D WIN32 /D _WINDOWS /D _DEBUG /D _UNICODE /D UNICODE /D _AFXDLL /Gm /EHsc /RTC1 /MDd /GS /fp:precise /Zc:wchar_t /Zc:forScope /Yc"StdAfx.h" /Fp"Debug\BaseVersion.pch" /Fo"Debug\\" /Fd"Debug\vc100.pdb" /Gd /TP /analyze- /errorReport:prompt stdafx.cpp
         stdafx.cpp
         C:\Program Files (x86)\Microsoft Visual Studio 10.0\VC\bin\CL.exe /c /ZI /nologo /W3 /WX- /Od /Oy- /D WIN32 /D _WINDOWS /D _DEBUG /D _UNICODE /D UNICODE /D _AFXDLL /Gm /EHsc /RTC1 /MDd /GS /fp:precise /Zc:wchar_t /Zc:forScope /Yu"StdAfx.h" /Fp"Debug\BaseVersion.pch" /Fo"Debug\\" /Fd"Debug\vc100.pdb" /Gd /TP /analyze- /errorReport:prompt BaseVersion.cpp BaseVersionDlg.cpp
         BaseVersionDlg.cpp
     1>f:\project\baseversion\baseversion_20170923\baseversion\baseversiondlg.cpp(127): warning C4101: “pWnd”: 未引用的局部变量
         BaseVersion.cpp
         正在生成代码...
       ResourceCompile:
         C:\Program Files (x86)\Microsoft SDKs\Windows\v7.0A\bin\rc.exe /D _DEBUG /D _UNICODE /D UNICODE /D _AFXDLL /l"0x0804" /IDebug\ /nologo /fo"Debug\BaseVersion.res" BaseVersion.rc 
       ManifestResourceCompile:
         C:\Program Files (x86)\Microsoft SDKs\Windows\v7.0A\bin\rc.exe /nologo /fo"Debug\BaseVersion.exe.embed.manifest.res" Debug\BaseVersion_manifest.rc 
       Link:
         C:\Program Files (x86)\Microsoft Visual Studio 10.0\VC\bin\link.exe /ERRORREPORT:PROMPT /OUT:"F:\project\BaseVersion\BaseVersion_20170923\Debug\BaseVersion.exe" /INCREMENTAL /NOLOGO /MANIFEST /ManifestFile:"Debug\BaseVersion.exe.intermediate.manifest" /MANIFESTUAC:"level='asInvoker' uiAccess='false'" /DEBUG /PDB:"F:\project\BaseVersion\BaseVersion_20170923\Debug\BaseVersion.pdb" /SUBSYSTEM:WINDOWS /TLBID:1 /ENTRY:"wWinMainCRTStartup" /DYNAMICBASE /NXCOMPAT /IMPLIB:"F:\project\BaseVersion\BaseVersion_20170923\Debug\BaseVersion.lib" /MACHINE:X86 Debug\BaseVersion.res
         Debug\BaseVersion.exe.embed.manifest.res
         Debug\BaseVersion.obj
         Debug\BaseVersionDlg.obj
         Debug\stdafx.obj
       Manifest:
         C:\Program Files (x86)\Microsoft SDKs\Windows\v7.0A\bin\mt.exe /nologo /verbose /out:"Debug\BaseVersion.exe.embed.manifest" /manifest Debug\BaseVersion.exe.intermediate.manifest "C:\Program Files (x86)\Microsoft Visual Studio 10.0\VC\Include\Manifest\dpiaware.manifest"
         All outputs are up-to-date.
       LinkEmbedManifest:
         All outputs are up-to-date.
         BaseVersion.vcxproj -> F:\project\BaseVersion\BaseVersion_20170923\Debug\BaseVersion.exe
       FinalizeBuildStatus:
         Deleting file "Debug\BaseVersion.unsuccessfulbuild".
         Touching "Debug\BaseVersion.lastbuildstate".
     1>Done Building Project "F:\project\BaseVersion\BaseVersion_20170923\BaseVersion\BaseVersion.vcxproj" (build target(s)).

生成成功。

Time Elapsed 00:00:04.02
