E:\PROJECTS\GIT\MFCBASE\MFCBASEVER\BASEVERSION\RELEASE\BASEVERSION.EXE.INTERMEDIATE.MANIFEST
E:\PROJECTS\GIT\MFCBASE\MFCBASEVER\BASEVERSION\RELEASE\BASEVERSION.OBJ
E:\PROJECTS\GIT\MFCBASE\MFCBASEVER\BASEVERSION\RELEASE\BASEVERSION.PCH
E:\PROJECTS\GIT\MFCBASE\MFCBASEVER\BASEVERSION\RELEASE\BASEVERSION.RES
E:\Projects\git\MFCBase\MFCBaseVer\BaseVersion\Release\BaseVersion.write.1.tlog
E:\PROJECTS\GIT\MFCBASE\MFCBASEVER\BASEVERSION\RELEASE\BASEVERSIONDLG.OBJ
E:\Projects\git\MFCBase\MFCBaseVer\BaseVersion\Release\cl.command.1.tlog
E:\Projects\git\MFCBase\MFCBaseVer\BaseVersion\Release\CL.read.1.tlog
E:\Projects\git\MFCBase\MFCBaseVer\BaseVersion\Release\CL.write.1.tlog
E:\PROJECTS\GIT\MFCBASE\MFCBASEVER\BASEVERSION\RELEASE\CVVIMAGE.OBJ
E:\PROJECTS\GIT\MFCBASE\MFCBASEVER\BASEVERSION\RELEASE\EXAMPLE.OBJ
E:\PROJECTS\GIT\MFCBASE\MFCBASEVER\BASEVERSION\RELEASE\FORMATCHANGE.OBJ
E:\Projects\git\MFCBase\MFCBaseVer\BaseVersion\Release\link.command.1.tlog
E:\Projects\git\MFCBase\MFCBaseVer\BaseVersion\Release\link.read.1.tlog
E:\Projects\git\MFCBase\MFCBaseVer\BaseVersion\Release\link.write.1.tlog
E:\Projects\git\MFCBase\MFCBaseVer\BaseVersion\Release\link-cvtres.read.1.tlog
E:\Projects\git\MFCBase\MFCBaseVer\BaseVersion\Release\link-cvtres.write.1.tlog
E:\PROJECTS\GIT\MFCBASE\MFCBASEVER\BASEVERSION\RELEASE\LOGINDLG.OBJ
E:\PROJECTS\GIT\MFCBASE\MFCBASEVER\BASEVERSION\RELEASE\MAILCLIENT.OBJ
E:\Projects\git\MFCBase\MFCBaseVer\BaseVersion\Release\mt.command.1.tlog
E:\Projects\git\MFCBase\MFCBaseVer\BaseVersion\Release\mt.read.1.tlog
E:\Projects\git\MFCBase\MFCBaseVer\BaseVersion\Release\mt.read.2.tlog
E:\Projects\git\MFCBase\MFCBaseVer\BaseVersion\Release\mt.write.1.tlog
E:\PROJECTS\GIT\MFCBASE\MFCBASEVER\BASEVERSION\RELEASE\NETCONTROL.OBJ
E:\PROJECTS\GIT\MFCBASE\MFCBASEVER\BASEVERSION\RELEASE\PNG.OBJ
E:\Projects\git\MFCBase\MFCBaseVer\BaseVersion\Release\rc.command.1.tlog
E:\Projects\git\MFCBase\MFCBaseVer\BaseVersion\Release\rc.read.1.tlog
E:\Projects\git\MFCBase\MFCBaseVer\BaseVersion\Release\rc.write.1.tlog
E:\PROJECTS\GIT\MFCBASE\MFCBASEVER\BASEVERSION\RELEASE\STDAFX.OBJ
E:\PROJECTS\GIT\MFCBASE\MFCBASEVER\BASEVERSION\RELEASE\UTILITYFUNC.OBJ
E:\PROJECTS\GIT\MFCBASE\MFCBASEVER\BASEVERSION\RELEASE\VC100.PDB
E:\PROJECTS\GIT\MFCBASE\MFCBASEVER\RELEASE\BASEVERSION.EXE
E:\PROJECTS\GIT\MFCBASE\MFCBASEVER\RELEASE\BASEVERSION.PDB
